<?xml version="1.0" encoding="UTF-8"?>
<!-- Generated by org.testng.reporters.JUnitXMLReporter -->
<testsuite ignored="0" hostname="DESKTOP-MK9SME7" failures="2" tests="7" name="Test" time="51.716" errors="0" timestamp="2024-09-22T10:06:25 WAT">
  <testcase classname="e2e.CourseManagement_e2e" name="Create_Course" time="2.11"/>
  <testcase classname="e2e.CourseManagement_e2e" name="Delete_Course" time="8.9">
    <failure type="java.lang.AssertionError" message="expected [false] but found [true]">
      <![CDATA[java.lang.AssertionError: expected [false] but found [true]
at pages.CourseManagement_Page.deleteCourse(CourseManagement_Page.java:66)
at e2e.CourseManagement_e2e.Delete_Course(CourseManagement_e2e.java:45)
at java.base/java.util.ArrayList.forEach(ArrayList.java:1597)
... Removed 29 stack frames]]>
    </failure>
  </testcase> <!-- Delete_Course -->
  <testcase classname="e2e.CourseManagement_e2e" name="Update_Course" time="2.891"/>
  <testcase classname="e2e.StudentManagement_e2e" name="Create_Student" time="2.331"/>
  <testcase classname="e2e.StudentManagement_e2e" name="Delete_Student" time="2.085"/>
  <testcase classname="e2e.StudentManagement_e2e" name="Update_Student" time="5.577">
    <failure type="java.lang.AssertionError" message="expected [false] but found [true]">
      <![CDATA[java.lang.AssertionError: expected [false] but found [true]
at pages.StudentManagement_Page.updateStudent(StudentManagement_Page.java:60)
at e2e.StudentManagement_e2e.Update_Student(StudentManagement_e2e.java:36)
at java.base/java.util.ArrayList.forEach(ArrayList.java:1597)
... Removed 29 stack frames]]>
    </failure>
  </testcase> <!-- Update_Student -->
  <testcase classname="e2e.StudentSearch_e2e" name="Open_Student_Portal" time="1.416"/>
</testsuite> <!-- Test -->
