<?xml version="1.0" encoding="UTF-8"?>
<testng-results ignored="0" total="1" passed="1" failed="0" skipped="0">
  <reporter-output>
  </reporter-output>
  <suite started-at="2024-09-27T13:38:50 WAT" name="Default suite" finished-at="2024-09-27T13:38:57 WAT" duration-ms="7544">
    <groups>
    </groups>
    <test started-at="2024-09-27T13:38:50 WAT" name="Default test" finished-at="2024-09-27T13:38:57 WAT" duration-ms="7544">
      <class name="e2e.CourseManagement_e2e">
        <test-method is-config="true" signature="setup()[pri:0, instance:e2e.CourseManagement_e2e@5a56cdac]" started-at="2024-09-27T13:38:50 WAT" name="setup" finished-at="2024-09-27T13:38:56 WAT" duration-ms="6041" status="PASS">
          <reporter-output>
          </reporter-output>
        </test-method> <!-- setup -->
        <test-method signature="Search_Course()[pri:0, instance:e2e.CourseManagement_e2e@5a56cdac]" started-at="2024-09-27T13:38:56 WAT" name="Search_Course" finished-at="2024-09-27T13:38:57 WAT" duration-ms="1439" status="PASS">
          <reporter-output>
          </reporter-output>
        </test-method> <!-- Search_Course -->
      </class> <!-- e2e.CourseManagement_e2e -->
    </test> <!-- Default test -->
  </suite> <!-- Default suite -->
</testng-results>
